#
# There is insufficient memory for the Java Runtime Environment to continue.
# Native memory allocation (malloc) failed to allocate 178913280 bytes for committing reserved memory.
# Possible reasons:
#   The system is out of physical RAM or swap space
#   In 32 bit mode, the process size limit was hit
# Possible solutions:
#   Reduce memory load on the system
#   Increase physical memory or swap space
#   Check if swap backing store is full
#   Use 64 bit Java on a 64 bit OS
#   Decrease Java heap size (-Xmx/-Xms)
#   Decrease number of Java threads
#   Decrease Java thread stack sizes (-Xss)
#   Set larger code cache with -XX:ReservedCodeCacheSize=
# This output file may be truncated or incomplete.
#
#  Out of Memory Error (os_linux.cpp:2718), pid=6711, tid=3065346880
#
# JRE version:  (7.0_40-b43) (build )
# Java VM: Java HotSpot(TM) Client VM (24.0-b56 mixed mode linux-x86 )
# Failed to write core dump. Core dumps have been disabled. To enable core dumping, try "ulimit -c unlimited" before starting Java again
#

---------------  T H R E A D  ---------------

Current thread (0xb6907400):  JavaThread "Unknown thread" [_thread_in_vm, id=6712, stack(0xb6a57000,0xb6b58000)]

Stack: [0xb6a57000,0xb6b58000],  sp=0xb6b56af0,  free space=1022k
Native frames: (J=compiled Java code, j=interpreted, Vv=VM code, C=native code)
V  [libjvm.so+0x503276]  VMError::report_and_die()+0x1a6
V  [libjvm.so+0x1db222]  report_vm_out_of_memory(char const*, int, unsigned int, char const*)+0x72
V  [libjvm.so+0x3fef41]  os::Linux::commit_memory_impl(char*, unsigned int, bool)+0xe1
V  [libjvm.so+0x3ff397]  os::Linux::commit_memory_impl(char*, unsigned int, unsigned int, bool)+0x47
V  [libjvm.so+0x3ff55d]  os::pd_commit_memory(char*, unsigned int, unsigned int, bool)+0x1d
V  [libjvm.so+0x3f8fac]  os::commit_memory(char*, unsigned int, unsigned int, bool)+0x2c
V  [libjvm.so+0x4fef8c]  VirtualSpace::expand_by(unsigned int, bool)+0x20c
V  [libjvm.so+0x4ff0fd]  VirtualSpace::initialize(ReservedSpace, unsigned int)+0xad
V  [libjvm.so+0x255e5c]  Generation::Generation(ReservedSpace, unsigned int, int)+0x7c
V  [libjvm.so+0x1e1549]  DefNewGeneration::DefNewGeneration(ReservedSpace, unsigned int, int, char const*)+0x29
V  [libjvm.so+0x257077]  GenerationSpec::init(ReservedSpace, int, GenRemSet*)+0x1f7
V  [libjvm.so+0x24af71]  GenCollectedHeap::initialize()+0x291
V  [libjvm.so+0x4db654]  Universe::initialize_heap()+0xa4
V  [libjvm.so+0x4dcc85]  universe_init()+0x55
V  [libjvm.so+0x271095]  init_globals()+0x55
V  [libjvm.so+0x4cf9c0]  Threads::create_vm(JavaVMInitArgs*, bool*)+0x200
V  [libjvm.so+0x2e256c]  JNI_CreateJavaVM+0x5c
C  [libjli.so+0x2668]  JavaMain+0x98
C  [libpthread.so.0+0x6d4c]  start_thread+0xcc


---------------  P R O C E S S  ---------------

Java Threads: ( => current thread )

Other Threads:

=>0xb6907400 (exited) JavaThread "Unknown thread" [_thread_in_vm, id=6712, stack(0xb6a57000,0xb6b58000)]

VM state:not at safepoint (not fully initialized)

VM Mutex/Monitor currently owned by a thread: None

GC Heap History (0 events):
No events

Deoptimization events (0 events):
No events

Internal exceptions (0 events):
No events

Events (0 events):
No events


Dynamic libraries:
08048000-08049000 r-xp 00000000 08:01 72092      /usr/lib/jvm/java-7-oracle/jre/bin/java
08049000-0804a000 rw-p 00000000 08:01 72092      /usr/lib/jvm/java-7-oracle/jre/bin/java
09665000-09686000 rw-p 00000000 00:00 0          [heap]
2a1bf000-2a5bf000 rw-p 00000000 00:00 0 
2a5bf000-2a5c0000 rw-p 00000000 00:00 0 
34f13000-35060000 rw-p 00000000 00:00 0 
35060000-aa5c0000 rw-p 00000000 00:00 0 
aa5c1000-aa5c2000 rw-p 00000000 00:00 0 
aa5c2000-aa8c1000 rw-p 00000000 00:00 0 
aa8c1000-aa8e9000 rwxp 00000000 00:00 0 
aa8e9000-b68c1000 rw-p 00000000 00:00 0 
b68c1000-b68d8000 r-xp 00000000 08:01 72114      /usr/lib/jvm/java-7-oracle/jre/lib/i386/libzip.so
b68d8000-b68d9000 rw-p 00017000 08:01 72114      /usr/lib/jvm/java-7-oracle/jre/lib/i386/libzip.so
b68d9000-b68e4000 r-xp 00000000 08:01 131844     /lib/i386-linux-gnu/libnss_files-2.15.so
b68e4000-b68e5000 r--p 0000a000 08:01 131844     /lib/i386-linux-gnu/libnss_files-2.15.so
b68e5000-b68e6000 rw-p 0000b000 08:01 131844     /lib/i386-linux-gnu/libnss_files-2.15.so
b68e6000-b68fc000 r-xp 00000000 08:01 131838     /lib/i386-linux-gnu/libnsl-2.15.so
b68fc000-b68fd000 r--p 00015000 08:01 131838     /lib/i386-linux-gnu/libnsl-2.15.so
b68fd000-b68fe000 rw-p 00016000 08:01 131838     /lib/i386-linux-gnu/libnsl-2.15.so
b68fe000-b6900000 rw-p 00000000 00:00 0 
b6900000-b6921000 rw-p 00000000 00:00 0 
b6921000-b6a00000 ---p 00000000 00:00 0 
b6a03000-b6a0d000 r-xp 00000000 08:01 131848     /lib/i386-linux-gnu/libnss_nis-2.15.so
b6a0d000-b6a0e000 r--p 00009000 08:01 131848     /lib/i386-linux-gnu/libnss_nis-2.15.so
b6a0e000-b6a0f000 rw-p 0000a000 08:01 131848     /lib/i386-linux-gnu/libnss_nis-2.15.so
b6a0f000-b6a16000 r-xp 00000000 08:01 131840     /lib/i386-linux-gnu/libnss_compat-2.15.so
b6a16000-b6a17000 r--p 00006000 08:01 131840     /lib/i386-linux-gnu/libnss_compat-2.15.so
b6a17000-b6a18000 rw-p 00007000 08:01 131840     /lib/i386-linux-gnu/libnss_compat-2.15.so
b6a22000-b6a2a000 rw-s 00000000 08:01 318696     /tmp/hsperfdata_nusrat/6711
b6a2a000-b6a4d000 r-xp 00000000 08:01 72116      /usr/lib/jvm/java-7-oracle/jre/lib/i386/libjava.so
b6a4d000-b6a4e000 rw-p 00022000 08:01 72116      /usr/lib/jvm/java-7-oracle/jre/lib/i386/libjava.so
b6a4e000-b6a55000 r-xp 00000000 08:01 131883     /lib/i386-linux-gnu/librt-2.15.so
b6a55000-b6a56000 r--p 00006000 08:01 131883     /lib/i386-linux-gnu/librt-2.15.so
b6a56000-b6a57000 rw-p 00007000 08:01 131883     /lib/i386-linux-gnu/librt-2.15.so
b6a57000-b6a5a000 ---p 00000000 00:00 0 
b6a5a000-b6b58000 rw-p 00000000 00:00 0          [stack:6712]
b6b58000-b6b82000 r-xp 00000000 08:01 131821     /lib/i386-linux-gnu/libm-2.15.so
b6b82000-b6b83000 r--p 00029000 08:01 131821     /lib/i386-linux-gnu/libm-2.15.so
b6b83000-b6b84000 rw-p 0002a000 08:01 131821     /lib/i386-linux-gnu/libm-2.15.so
b6b84000-b710a000 r-xp 00000000 08:01 72154      /usr/lib/jvm/java-7-oracle/jre/lib/i386/client/libjvm.so
b710a000-b712b000 rw-p 00586000 08:01 72154      /usr/lib/jvm/java-7-oracle/jre/lib/i386/client/libjvm.so
b712b000-b754c000 rw-p 00000000 00:00 0 
b754c000-b76ef000 r-xp 00000000 08:01 131779     /lib/i386-linux-gnu/libc-2.15.so
b76ef000-b76f0000 ---p 001a3000 08:01 131779     /lib/i386-linux-gnu/libc-2.15.so
b76f0000-b76f2000 r--p 001a3000 08:01 131779     /lib/i386-linux-gnu/libc-2.15.so
b76f2000-b76f3000 rw-p 001a5000 08:01 131779     /lib/i386-linux-gnu/libc-2.15.so
b76f3000-b76f6000 rw-p 00000000 00:00 0 
b76f6000-b76f9000 r-xp 00000000 08:01 131794     /lib/i386-linux-gnu/libdl-2.15.so
b76f9000-b76fa000 r--p 00002000 08:01 131794     /lib/i386-linux-gnu/libdl-2.15.so
b76fa000-b76fb000 rw-p 00003000 08:01 131794     /lib/i386-linux-gnu/libdl-2.15.so
b76fb000-b76fc000 rw-p 00000000 00:00 0 
b76fc000-b770f000 r-xp 00000000 08:01 72148      /usr/lib/jvm/java-7-oracle/jre/lib/i386/jli/libjli.so
b770f000-b7710000 rw-p 00012000 08:01 72148      /usr/lib/jvm/java-7-oracle/jre/lib/i386/jli/libjli.so
b7710000-b7727000 r-xp 00000000 08:01 131875     /lib/i386-linux-gnu/libpthread-2.15.so
b7727000-b7728000 r--p 00016000 08:01 131875     /lib/i386-linux-gnu/libpthread-2.15.so
b7728000-b7729000 rw-p 00017000 08:01 131875     /lib/i386-linux-gnu/libpthread-2.15.so
b7729000-b772b000 rw-p 00000000 00:00 0 
b772f000-b7730000 rw-p 00000000 00:00 0 
b7730000-b7731000 r--p 00000000 00:00 0 
b7731000-b773c000 r-xp 00000000 08:01 72125      /usr/lib/jvm/java-7-oracle/jre/lib/i386/libverify.so
b773c000-b773d000 rw-p 0000b000 08:01 72125      /usr/lib/jvm/java-7-oracle/jre/lib/i386/libverify.so
b773d000-b773f000 rw-p 00000000 00:00 0 
b773f000-b7740000 r-xp 00000000 00:00 0          [vdso]
b7740000-b7760000 r-xp 00000000 08:01 131757     /lib/i386-linux-gnu/ld-2.15.so
b7760000-b7761000 r--p 0001f000 08:01 131757     /lib/i386-linux-gnu/ld-2.15.so
b7761000-b7762000 rw-p 00020000 08:01 131757     /lib/i386-linux-gnu/ld-2.15.so
bf9de000-bf9ff000 rw-p 00000000 00:00 0          [stack]

VM Arguments:
jvm_args: -Xms512M -Xmx1536M -Xss1M -XX:ReservedCodeCacheSize=192m -XX:+CMSClassUnloadingEnabled -XX:MaxPermSize=512M -Dfile.encoding=UTF-8 -Dplay.version=2.2.0 -Dplay.home=/home/nusrat/play-2.2.0/framework -Dsbt.boot.properties=/home/nusrat/play-2.2.0/framework/sbt/sbt.boot.properties 
java_command: /home/nusrat/play-2.2.0/framework/sbt/sbt-launch.jar -l
Launcher Type: SUN_STANDARD

Environment Variables:
PATH=/home/nusrat/.rvm/bin:/home/nusrat/play-2.2.0:/usr/lib/lightdm/lightdm:/usr/local/sbin:/usr/local/bin:/usr/sbin:/usr/bin:/sbin:/bin:/usr/games:/usr/local/games
SHELL=/bin/bash
DISPLAY=:0

Signal Handlers:
SIGSEGV: [libjvm.so+0x503d90], sa_mask[0]=0x7ffbfeff, sa_flags=0x10000004
SIGBUS: [libjvm.so+0x503d90], sa_mask[0]=0x7ffbfeff, sa_flags=0x10000004
SIGFPE: [libjvm.so+0x3fbe80], sa_mask[0]=0x7ffbfeff, sa_flags=0x10000004
SIGPIPE: [libjvm.so+0x3fbe80], sa_mask[0]=0x7ffbfeff, sa_flags=0x10000004
SIGXFSZ: [libjvm.so+0x3fbe80], sa_mask[0]=0x7ffbfeff, sa_flags=0x10000004
SIGILL: [libjvm.so+0x3fbe80], sa_mask[0]=0x7ffbfeff, sa_flags=0x10000004
SIGUSR1: SIG_DFL, sa_mask[0]=0x00000000, sa_flags=0x00000000
SIGUSR2: [libjvm.so+0x3fd370], sa_mask[0]=0x00000000, sa_flags=0x10000004
SIGHUP: SIG_DFL, sa_mask[0]=0x00000000, sa_flags=0x00000000
SIGINT: SIG_DFL, sa_mask[0]=0x00000000, sa_flags=0x00000000
SIGTERM: SIG_DFL, sa_mask[0]=0x00000000, sa_flags=0x00000000
SIGQUIT: SIG_DFL, sa_mask[0]=0x00000000, sa_flags=0x00000000


---------------  S Y S T E M  ---------------

OS:wheezy/sid

uname:Linux 3.5.0-26-generic #42-Ubuntu SMP Fri Mar 8 23:20:06 UTC 2013 i686
libc:glibc 2.15 NPTL 2.15 
rlimit: STACK 8192k, CORE 0k, NPROC 3845, NOFILE 4096, AS infinity
load average:1.23 0.90 0.46

/proc/meminfo:
MemTotal:         508364 kB
MemFree:            5048 kB
Buffers:            3220 kB
Cached:            48192 kB
SwapCached:        15936 kB
Active:           215736 kB
Inactive:         212432 kB
Active(anon):     191092 kB
Inactive(anon):   191492 kB
Active(file):      24644 kB
Inactive(file):    20940 kB
Unevictable:       31196 kB
Mlocked:           31196 kB
HighTotal:             0 kB
HighFree:              0 kB
LowTotal:         508364 kB
LowFree:            5048 kB
SwapTotal:        522236 kB
SwapFree:          64652 kB
Dirty:                24 kB
Writeback:             0 kB
AnonPages:        392176 kB
Mapped:            30544 kB
Shmem:                24 kB
Slab:              21020 kB
SReclaimable:       9060 kB
SUnreclaim:        11960 kB
KernelStack:        3840 kB
PageTables:         9360 kB
NFS_Unstable:          0 kB
Bounce:                0 kB
WritebackTmp:          0 kB
CommitLimit:      776416 kB
Committed_AS:    4026520 kB
VmallocTotal:     512056 kB
VmallocUsed:        4092 kB
VmallocChunk:     507800 kB
HardwareCorrupted:     0 kB
AnonHugePages:         0 kB
HugePages_Total:       0
HugePages_Free:        0
HugePages_Rsvd:        0
HugePages_Surp:        0
Hugepagesize:       2048 kB
DirectMap4k:       34752 kB
DirectMap2M:      489472 kB


CPU:total 1 (1 cores per cpu, 1 threads per core) family 6 model 37 stepping 5, cmov, cx8, fxsr, mmx, sse, sse2, sse3, ssse3, tsc

/proc/cpuinfo:
processor	: 0
vendor_id	: GenuineIntel
cpu family	: 6
model		: 37
model name	: Intel(R) Core(TM) i5 CPU       M 520  @ 2.40GHz
stepping	: 5
cpu MHz		: 2424.821
cache size	: 6144 KB
fdiv_bug	: no
hlt_bug		: no
f00f_bug	: no
coma_bug	: no
fpu		: yes
fpu_exception	: yes
cpuid level	: 5
wp		: yes
flags		: fpu vme de pse tsc msr pae mce cx8 apic sep mtrr pge mca cmov pat pse36 clflush mmx fxsr sse sse2 nx rdtscp constant_tsc up pni monitor ssse3
bogomips	: 4849.64
clflush size	: 64
cache_alignment	: 64
address sizes	: 36 bits physical, 48 bits virtual
power management:



Memory: 4k page, physical 508364k(5048k free), swap 522236k(64652k free)

vm_info: Java HotSpot(TM) Client VM (24.0-b56) for linux-x86 JRE (1.7.0_40-b43), built on Aug 26 2013 22:05:59 by "java_re" with gcc 4.3.0 20080428 (Red Hat 4.3.0-8)

time: Mon Oct  7 21:57:11 2013
elapsed time: 0 seconds

