#
# There is insufficient memory for the Java Runtime Environment to continue.
# Native memory allocation (malloc) failed to allocate 178913280 bytes for committing reserved memory.
# Possible reasons:
#   The system is out of physical RAM or swap space
#   In 32 bit mode, the process size limit was hit
# Possible solutions:
#   Reduce memory load on the system
#   Increase physical memory or swap space
#   Check if swap backing store is full
#   Use 64 bit Java on a 64 bit OS
#   Decrease Java heap size (-Xmx/-Xms)
#   Decrease number of Java threads
#   Decrease Java thread stack sizes (-Xss)
#   Set larger code cache with -XX:ReservedCodeCacheSize=
# This output file may be truncated or incomplete.
#
#  Out of Memory Error (os_linux.cpp:2718), pid=6702, tid=3065436992
#
# JRE version:  (7.0_40-b43) (build )
# Java VM: Java HotSpot(TM) Client VM (24.0-b56 mixed mode linux-x86 )
# Failed to write core dump. Core dumps have been disabled. To enable core dumping, try "ulimit -c unlimited" before starting Java again
#

---------------  T H R E A D  ---------------

Current thread (0xb6907400):  JavaThread "Unknown thread" [_thread_in_vm, id=6703, stack(0xb6a6d000,0xb6b6e000)]

Stack: [0xb6a6d000,0xb6b6e000],  sp=0xb6b6caf0,  free space=1022k
Native frames: (J=compiled Java code, j=interpreted, Vv=VM code, C=native code)
V  [libjvm.so+0x503276]  VMError::report_and_die()+0x1a6
V  [libjvm.so+0x1db222]  report_vm_out_of_memory(char const*, int, unsigned int, char const*)+0x72
V  [libjvm.so+0x3fef41]  os::Linux::commit_memory_impl(char*, unsigned int, bool)+0xe1
V  [libjvm.so+0x3ff397]  os::Linux::commit_memory_impl(char*, unsigned int, unsigned int, bool)+0x47
V  [libjvm.so+0x3ff55d]  os::pd_commit_memory(char*, unsigned int, unsigned int, bool)+0x1d
V  [libjvm.so+0x3f8fac]  os::commit_memory(char*, unsigned int, unsigned int, bool)+0x2c
V  [libjvm.so+0x4fef8c]  VirtualSpace::expand_by(unsigned int, bool)+0x20c
V  [libjvm.so+0x4ff0fd]  VirtualSpace::initialize(ReservedSpace, unsigned int)+0xad
V  [libjvm.so+0x255e5c]  Generation::Generation(ReservedSpace, unsigned int, int)+0x7c
V  [libjvm.so+0x1e1549]  DefNewGeneration::DefNewGeneration(ReservedSpace, unsigned int, int, char const*)+0x29
V  [libjvm.so+0x257077]  GenerationSpec::init(ReservedSpace, int, GenRemSet*)+0x1f7
V  [libjvm.so+0x24af71]  GenCollectedHeap::initialize()+0x291
V  [libjvm.so+0x4db654]  Universe::initialize_heap()+0xa4
V  [libjvm.so+0x4dcc85]  universe_init()+0x55
V  [libjvm.so+0x271095]  init_globals()+0x55
V  [libjvm.so+0x4cf9c0]  Threads::create_vm(JavaVMInitArgs*, bool*)+0x200
V  [libjvm.so+0x2e256c]  JNI_CreateJavaVM+0x5c
C  [libjli.so+0x2668]  JavaMain+0x98
C  [libpthread.so.0+0x6d4c]  start_thread+0xcc


---------------  P R O C E S S  ---------------

Java Threads: ( => current thread )

Other Threads:

=>0xb6907400 (exited) JavaThread "Unknown thread" [_thread_in_vm, id=6703, stack(0xb6a6d000,0xb6b6e000)]

VM state:not at safepoint (not fully initialized)

VM Mutex/Monitor currently owned by a thread: None

GC Heap History (0 events):
No events

Deoptimization events (0 events):
No events

Internal exceptions (0 events):
No events

Events (0 events):
No events


Dynamic libraries:
08048000-08049000 r-xp 00000000 08:01 72092      /usr/lib/jvm/java-7-oracle/jre/bin/java
08049000-0804a000 rw-p 00000000 08:01 72092      /usr/lib/jvm/java-7-oracle/jre/bin/java
0950a000-0952b000 rw-p 00000000 00:00 0          [heap]
2a1bf000-2a5bf000 rw-p 00000000 00:00 0 
2a5bf000-2a5c0000 rw-p 00000000 00:00 0 
34f13000-35060000 rw-p 00000000 00:00 0 
35060000-aa5c0000 rw-p 00000000 00:00 0 
aa5cf000-aa5d0000 rw-p 00000000 00:00 0 
aa5d0000-aa8cf000 rw-p 00000000 00:00 0 
aa8cf000-aa8f7000 rwxp 00000000 00:00 0 
aa8f7000-b68cf000 rw-p 00000000 00:00 0 
b68cf000-b68e6000 r-xp 00000000 08:01 72114      /usr/lib/jvm/java-7-oracle/jre/lib/i386/libzip.so
b68e6000-b68e7000 rw-p 00017000 08:01 72114      /usr/lib/jvm/java-7-oracle/jre/lib/i386/libzip.so
b68e7000-b68f2000 r-xp 00000000 08:01 131844     /lib/i386-linux-gnu/libnss_files-2.15.so
b68f2000-b68f3000 r--p 0000a000 08:01 131844     /lib/i386-linux-gnu/libnss_files-2.15.so
b68f3000-b68f4000 rw-p 0000b000 08:01 131844     /lib/i386-linux-gnu/libnss_files-2.15.so
b68f4000-b68fe000 r-xp 00000000 08:01 131848     /lib/i386-linux-gnu/libnss_nis-2.15.so
b68fe000-b68ff000 r--p 00009000 08:01 131848     /lib/i386-linux-gnu/libnss_nis-2.15.so
b68ff000-b6900000 rw-p 0000a000 08:01 131848     /lib/i386-linux-gnu/libnss_nis-2.15.so
b6900000-b6921000 rw-p 00000000 00:00 0 
b6921000-b6a00000 ---p 00000000 00:00 0 
b6a0b000-b6a21000 r-xp 00000000 08:01 131838     /lib/i386-linux-gnu/libnsl-2.15.so
b6a21000-b6a22000 r--p 00015000 08:01 131838     /lib/i386-linux-gnu/libnsl-2.15.so
b6a22000-b6a23000 rw-p 00016000 08:01 131838     /lib/i386-linux-gnu/libnsl-2.15.so
b6a23000-b6a25000 rw-p 00000000 00:00 0 
b6a25000-b6a2c000 r-xp 00000000 08:01 131840     /lib/i386-linux-gnu/libnss_compat-2.15.so
b6a2c000-b6a2d000 r--p 00006000 08:01 131840     /lib/i386-linux-gnu/libnss_compat-2.15.so
b6a2d000-b6a2e000 rw-p 00007000 08:01 131840     /lib/i386-linux-gnu/libnss_compat-2.15.so
b6a38000-b6a40000 rw-s 00000000 08:01 287613     /tmp/hsperfdata_nusrat/6702
b6a40000-b6a63000 r-xp 00000000 08:01 72116      /usr/lib/jvm/java-7-oracle/jre/lib/i386/libjava.so
b6a63000-b6a64000 rw-p 00022000 08:01 72116      /usr/lib/jvm/java-7-oracle/jre/lib/i386/libjava.so
b6a64000-b6a6b000 r-xp 00000000 08:01 131883     /lib/i386-linux-gnu/librt-2.15.so
b6a6b000-b6a6c000 r--p 00006000 08:01 131883     /lib/i386-linux-gnu/librt-2.15.so
b6a6c000-b6a6d000 rw-p 00007000 08:01 131883     /lib/i386-linux-gnu/librt-2.15.so
b6a6d000-b6a70000 ---p 00000000 00:00 0 
b6a70000-b6b6e000 rw-p 00000000 00:00 0          [stack:6703]
b6b6e000-b6b98000 r-xp 00000000 08:01 131821     /lib/i386-linux-gnu/libm-2.15.so
b6b98000-b6b99000 r--p 00029000 08:01 131821     /lib/i386-linux-gnu/libm-2.15.so
b6b99000-b6b9a000 rw-p 0002a000 08:01 131821     /lib/i386-linux-gnu/libm-2.15.so
b6b9a000-b7120000 r-xp 00000000 08:01 72154      /usr/lib/jvm/java-7-oracle/jre/lib/i386/client/libjvm.so
b7120000-b7141000 rw-p 00586000 08:01 72154      /usr/lib/jvm/java-7-oracle/jre/lib/i386/client/libjvm.so
b7141000-b7562000 rw-p 00000000 00:00 0 
b7562000-b7705000 r-xp 00000000 08:01 131779     /lib/i386-linux-gnu/libc-2.15.so
b7705000-b7706000 ---p 001a3000 08:01 131779     /lib/i386-linux-gnu/libc-2.15.so
b7706000-b7708000 r--p 001a3000 08:01 131779     /lib/i386-linux-gnu/libc-2.15.so
b7708000-b7709000 rw-p 001a5000 08:01 131779     /lib/i386-linux-gnu/libc-2.15.so
b7709000-b770c000 rw-p 00000000 00:00 0 
b770c000-b770f000 r-xp 00000000 08:01 131794     /lib/i386-linux-gnu/libdl-2.15.so
b770f000-b7710000 r--p 00002000 08:01 131794     /lib/i386-linux-gnu/libdl-2.15.so
b7710000-b7711000 rw-p 00003000 08:01 131794     /lib/i386-linux-gnu/libdl-2.15.so
b7711000-b7712000 rw-p 00000000 00:00 0 
b7712000-b7725000 r-xp 00000000 08:01 72148      /usr/lib/jvm/java-7-oracle/jre/lib/i386/jli/libjli.so
b7725000-b7726000 rw-p 00012000 08:01 72148      /usr/lib/jvm/java-7-oracle/jre/lib/i386/jli/libjli.so
b7726000-b773d000 r-xp 00000000 08:01 131875     /lib/i386-linux-gnu/libpthread-2.15.so
b773d000-b773e000 r--p 00016000 08:01 131875     /lib/i386-linux-gnu/libpthread-2.15.so
b773e000-b773f000 rw-p 00017000 08:01 131875     /lib/i386-linux-gnu/libpthread-2.15.so
b773f000-b7741000 rw-p 00000000 00:00 0 
b7745000-b7746000 rw-p 00000000 00:00 0 
b7746000-b7747000 r--p 00000000 00:00 0 
b7747000-b7752000 r-xp 00000000 08:01 72125      /usr/lib/jvm/java-7-oracle/jre/lib/i386/libverify.so
b7752000-b7753000 rw-p 0000b000 08:01 72125      /usr/lib/jvm/java-7-oracle/jre/lib/i386/libverify.so
b7753000-b7755000 rw-p 00000000 00:00 0 
b7755000-b7756000 r-xp 00000000 00:00 0          [vdso]
b7756000-b7776000 r-xp 00000000 08:01 131757     /lib/i386-linux-gnu/ld-2.15.so
b7776000-b7777000 r--p 0001f000 08:01 131757     /lib/i386-linux-gnu/ld-2.15.so
b7777000-b7778000 rw-p 00020000 08:01 131757     /lib/i386-linux-gnu/ld-2.15.so
bfa13000-bfa34000 rw-p 00000000 00:00 0          [stack]

VM Arguments:
jvm_args: -Xms512M -Xmx1536M -Xss1M -XX:ReservedCodeCacheSize=192m -XX:+CMSClassUnloadingEnabled -XX:MaxPermSize=512M -Dfile.encoding=UTF-8 -Dplay.version=2.2.0 -Dplay.home=/home/nusrat/play-2.2.0/framework -Dsbt.boot.properties=/home/nusrat/play-2.2.0/framework/sbt/sbt.boot.properties 
java_command: /home/nusrat/play-2.2.0/framework/sbt/sbt-launch.jar play
Launcher Type: SUN_STANDARD

Environment Variables:
PATH=/home/nusrat/.rvm/bin:/home/nusrat/play-2.2.0:/usr/lib/lightdm/lightdm:/usr/local/sbin:/usr/local/bin:/usr/sbin:/usr/bin:/sbin:/bin:/usr/games:/usr/local/games
SHELL=/bin/bash
DISPLAY=:0

Signal Handlers:
SIGSEGV: [libjvm.so+0x503d90], sa_mask[0]=0x7ffbfeff, sa_flags=0x10000004
SIGBUS: [libjvm.so+0x503d90], sa_mask[0]=0x7ffbfeff, sa_flags=0x10000004
SIGFPE: [libjvm.so+0x3fbe80], sa_mask[0]=0x7ffbfeff, sa_flags=0x10000004
SIGPIPE: [libjvm.so+0x3fbe80], sa_mask[0]=0x7ffbfeff, sa_flags=0x10000004
SIGXFSZ: [libjvm.so+0x3fbe80], sa_mask[0]=0x7ffbfeff, sa_flags=0x10000004
SIGILL: [libjvm.so+0x3fbe80], sa_mask[0]=0x7ffbfeff, sa_flags=0x10000004
SIGUSR1: SIG_DFL, sa_mask[0]=0x00000000, sa_flags=0x00000000
SIGUSR2: [libjvm.so+0x3fd370], sa_mask[0]=0x00000000, sa_flags=0x10000004
SIGHUP: SIG_DFL, sa_mask[0]=0x00000000, sa_flags=0x00000000
SIGINT: SIG_DFL, sa_mask[0]=0x00000000, sa_flags=0x00000000
SIGTERM: SIG_DFL, sa_mask[0]=0x00000000, sa_flags=0x00000000
SIGQUIT: SIG_DFL, sa_mask[0]=0x00000000, sa_flags=0x00000000


---------------  S Y S T E M  ---------------

OS:wheezy/sid

uname:Linux 3.5.0-26-generic #42-Ubuntu SMP Fri Mar 8 23:20:06 UTC 2013 i686
libc:glibc 2.15 NPTL 2.15 
rlimit: STACK 8192k, CORE 0k, NPROC 3845, NOFILE 4096, AS infinity
load average:2.14 0.97 0.46

/proc/meminfo:
MemTotal:         508364 kB
MemFree:            6424 kB
Buffers:            3352 kB
Cached:            47944 kB
SwapCached:        21896 kB
Active:           213576 kB
Inactive:         213240 kB
Active(anon):     190432 kB
Inactive(anon):   190912 kB
Active(file):      23144 kB
Inactive(file):    22328 kB
Unevictable:       31196 kB
Mlocked:           31196 kB
HighTotal:             0 kB
HighFree:              0 kB
LowTotal:         508364 kB
LowFree:            6424 kB
SwapTotal:        522236 kB
SwapFree:          65348 kB
Dirty:                12 kB
Writeback:             0 kB
AnonPages:        384988 kB
Mapped:            28932 kB
Shmem:                36 kB
Slab:              21028 kB
SReclaimable:       9068 kB
SUnreclaim:        11960 kB
KernelStack:        3848 kB
PageTables:         9380 kB
NFS_Unstable:          0 kB
Bounce:                0 kB
WritebackTmp:          0 kB
CommitLimit:      776416 kB
Committed_AS:    4028692 kB
VmallocTotal:     512056 kB
VmallocUsed:        4092 kB
VmallocChunk:     507800 kB
HardwareCorrupted:     0 kB
AnonHugePages:         0 kB
HugePages_Total:       0
HugePages_Free:        0
HugePages_Rsvd:        0
HugePages_Surp:        0
Hugepagesize:       2048 kB
DirectMap4k:       34752 kB
DirectMap2M:      489472 kB


CPU:total 1 (1 cores per cpu, 1 threads per core) family 6 model 37 stepping 5, cmov, cx8, fxsr, mmx, sse, sse2, sse3, ssse3, tsc

/proc/cpuinfo:
processor	: 0
vendor_id	: GenuineIntel
cpu family	: 6
model		: 37
model name	: Intel(R) Core(TM) i5 CPU       M 520  @ 2.40GHz
stepping	: 5
cpu MHz		: 2424.821
cache size	: 6144 KB
fdiv_bug	: no
hlt_bug		: no
f00f_bug	: no
coma_bug	: no
fpu		: yes
fpu_exception	: yes
cpuid level	: 5
wp		: yes
flags		: fpu vme de pse tsc msr pae mce cx8 apic sep mtrr pge mca cmov pat pse36 clflush mmx fxsr sse sse2 nx rdtscp constant_tsc up pni monitor ssse3
bogomips	: 4849.64
clflush size	: 64
cache_alignment	: 64
address sizes	: 36 bits physical, 48 bits virtual
power management:



Memory: 4k page, physical 508364k(6424k free), swap 522236k(65348k free)

vm_info: Java HotSpot(TM) Client VM (24.0-b56) for linux-x86 JRE (1.7.0_40-b43), built on Aug 26 2013 22:05:59 by "java_re" with gcc 4.3.0 20080428 (Red Hat 4.3.0-8)

time: Mon Oct  7 21:56:23 2013
elapsed time: 0 seconds

