#
# There is insufficient memory for the Java Runtime Environment to continue.
# Native memory allocation (malloc) failed to allocate 178913280 bytes for committing reserved memory.
# Possible reasons:
#   The system is out of physical RAM or swap space
#   In 32 bit mode, the process size limit was hit
# Possible solutions:
#   Reduce memory load on the system
#   Increase physical memory or swap space
#   Check if swap backing store is full
#   Use 64 bit Java on a 64 bit OS
#   Decrease Java heap size (-Xmx/-Xms)
#   Decrease number of Java threads
#   Decrease Java thread stack sizes (-Xss)
#   Set larger code cache with -XX:ReservedCodeCacheSize=
# This output file may be truncated or incomplete.
#
#  Out of Memory Error (os_linux.cpp:2718), pid=6720, tid=3065015104
#
# JRE version:  (7.0_40-b43) (build )
# Java VM: Java HotSpot(TM) Client VM (24.0-b56 mixed mode linux-x86 )
# Failed to write core dump. Core dumps have been disabled. To enable core dumping, try "ulimit -c unlimited" before starting Java again
#

---------------  T H R E A D  ---------------

Current thread (0xb6907400):  JavaThread "Unknown thread" [_thread_in_vm, id=6721, stack(0xb6a06000,0xb6b07000)]

Stack: [0xb6a06000,0xb6b07000],  sp=0xb6b05af0,  free space=1022k
Native frames: (J=compiled Java code, j=interpreted, Vv=VM code, C=native code)
V  [libjvm.so+0x503276]  VMError::report_and_die()+0x1a6
V  [libjvm.so+0x1db222]  report_vm_out_of_memory(char const*, int, unsigned int, char const*)+0x72
V  [libjvm.so+0x3fef41]  os::Linux::commit_memory_impl(char*, unsigned int, bool)+0xe1
V  [libjvm.so+0x3ff397]  os::Linux::commit_memory_impl(char*, unsigned int, unsigned int, bool)+0x47
V  [libjvm.so+0x3ff55d]  os::pd_commit_memory(char*, unsigned int, unsigned int, bool)+0x1d
V  [libjvm.so+0x3f8fac]  os::commit_memory(char*, unsigned int, unsigned int, bool)+0x2c
V  [libjvm.so+0x4fef8c]  VirtualSpace::expand_by(unsigned int, bool)+0x20c
V  [libjvm.so+0x4ff0fd]  VirtualSpace::initialize(ReservedSpace, unsigned int)+0xad
V  [libjvm.so+0x255e5c]  Generation::Generation(ReservedSpace, unsigned int, int)+0x7c
V  [libjvm.so+0x1e1549]  DefNewGeneration::DefNewGeneration(ReservedSpace, unsigned int, int, char const*)+0x29
V  [libjvm.so+0x257077]  GenerationSpec::init(ReservedSpace, int, GenRemSet*)+0x1f7
V  [libjvm.so+0x24af71]  GenCollectedHeap::initialize()+0x291
V  [libjvm.so+0x4db654]  Universe::initialize_heap()+0xa4
V  [libjvm.so+0x4dcc85]  universe_init()+0x55
V  [libjvm.so+0x271095]  init_globals()+0x55
V  [libjvm.so+0x4cf9c0]  Threads::create_vm(JavaVMInitArgs*, bool*)+0x200
V  [libjvm.so+0x2e256c]  JNI_CreateJavaVM+0x5c
C  [libjli.so+0x2668]  JavaMain+0x98
C  [libpthread.so.0+0x6d4c]  start_thread+0xcc


---------------  P R O C E S S  ---------------

Java Threads: ( => current thread )

Other Threads:

=>0xb6907400 (exited) JavaThread "Unknown thread" [_thread_in_vm, id=6721, stack(0xb6a06000,0xb6b07000)]

VM state:not at safepoint (not fully initialized)

VM Mutex/Monitor currently owned by a thread: None

GC Heap History (0 events):
No events

Deoptimization events (0 events):
No events

Internal exceptions (0 events):
No events

Events (0 events):
No events


Dynamic libraries:
08048000-08049000 r-xp 00000000 08:01 72092      /usr/lib/jvm/java-7-oracle/jre/bin/java
08049000-0804a000 rw-p 00000000 08:01 72092      /usr/lib/jvm/java-7-oracle/jre/bin/java
09ac1000-09ae2000 rw-p 00000000 00:00 0          [heap]
2a15f000-2a55f000 rw-p 00000000 00:00 0 
2a55f000-2a560000 rw-p 00000000 00:00 0 
34eb3000-35000000 rw-p 00000000 00:00 0 
35000000-aa560000 rw-p 00000000 00:00 0 
aa56b000-aa56c000 rw-p 00000000 00:00 0 
aa56c000-aa86b000 rw-p 00000000 00:00 0 
aa86b000-aa893000 rwxp 00000000 00:00 0 
aa893000-b686b000 rw-p 00000000 00:00 0 
b686b000-b6882000 r-xp 00000000 08:01 72114      /usr/lib/jvm/java-7-oracle/jre/lib/i386/libzip.so
b6882000-b6883000 rw-p 00017000 08:01 72114      /usr/lib/jvm/java-7-oracle/jre/lib/i386/libzip.so
b6883000-b688e000 r-xp 00000000 08:01 131844     /lib/i386-linux-gnu/libnss_files-2.15.so
b688e000-b688f000 r--p 0000a000 08:01 131844     /lib/i386-linux-gnu/libnss_files-2.15.so
b688f000-b6890000 rw-p 0000b000 08:01 131844     /lib/i386-linux-gnu/libnss_files-2.15.so
b6890000-b689a000 r-xp 00000000 08:01 131848     /lib/i386-linux-gnu/libnss_nis-2.15.so
b689a000-b689b000 r--p 00009000 08:01 131848     /lib/i386-linux-gnu/libnss_nis-2.15.so
b689b000-b689c000 rw-p 0000a000 08:01 131848     /lib/i386-linux-gnu/libnss_nis-2.15.so
b689c000-b68b2000 r-xp 00000000 08:01 131838     /lib/i386-linux-gnu/libnsl-2.15.so
b68b2000-b68b3000 r--p 00015000 08:01 131838     /lib/i386-linux-gnu/libnsl-2.15.so
b68b3000-b68b4000 rw-p 00016000 08:01 131838     /lib/i386-linux-gnu/libnsl-2.15.so
b68b4000-b68b6000 rw-p 00000000 00:00 0 
b68b6000-b68bd000 r-xp 00000000 08:01 131840     /lib/i386-linux-gnu/libnss_compat-2.15.so
b68bd000-b68be000 r--p 00006000 08:01 131840     /lib/i386-linux-gnu/libnss_compat-2.15.so
b68be000-b68bf000 rw-p 00007000 08:01 131840     /lib/i386-linux-gnu/libnss_compat-2.15.so
b68c9000-b68d1000 rw-s 00000000 08:01 318696     /tmp/hsperfdata_nusrat/6720
b68d1000-b68d2000 rw-p 00000000 00:00 0 
b68d2000-b68d3000 r--p 00000000 00:00 0 
b68d3000-b68f6000 r-xp 00000000 08:01 72116      /usr/lib/jvm/java-7-oracle/jre/lib/i386/libjava.so
b68f6000-b68f7000 rw-p 00022000 08:01 72116      /usr/lib/jvm/java-7-oracle/jre/lib/i386/libjava.so
b68f7000-b68fe000 r-xp 00000000 08:01 131883     /lib/i386-linux-gnu/librt-2.15.so
b68fe000-b68ff000 r--p 00006000 08:01 131883     /lib/i386-linux-gnu/librt-2.15.so
b68ff000-b6900000 rw-p 00007000 08:01 131883     /lib/i386-linux-gnu/librt-2.15.so
b6900000-b6921000 rw-p 00000000 00:00 0 
b6921000-b6a00000 ---p 00000000 00:00 0 
b6a06000-b6a09000 ---p 00000000 00:00 0 
b6a09000-b6b07000 rw-p 00000000 00:00 0          [stack:6721]
b6b07000-b6b31000 r-xp 00000000 08:01 131821     /lib/i386-linux-gnu/libm-2.15.so
b6b31000-b6b32000 r--p 00029000 08:01 131821     /lib/i386-linux-gnu/libm-2.15.so
b6b32000-b6b33000 rw-p 0002a000 08:01 131821     /lib/i386-linux-gnu/libm-2.15.so
b6b33000-b70b9000 r-xp 00000000 08:01 72154      /usr/lib/jvm/java-7-oracle/jre/lib/i386/client/libjvm.so
b70b9000-b70da000 rw-p 00586000 08:01 72154      /usr/lib/jvm/java-7-oracle/jre/lib/i386/client/libjvm.so
b70da000-b74fb000 rw-p 00000000 00:00 0 
b74fb000-b769e000 r-xp 00000000 08:01 131779     /lib/i386-linux-gnu/libc-2.15.so
b769e000-b769f000 ---p 001a3000 08:01 131779     /lib/i386-linux-gnu/libc-2.15.so
b769f000-b76a1000 r--p 001a3000 08:01 131779     /lib/i386-linux-gnu/libc-2.15.so
b76a1000-b76a2000 rw-p 001a5000 08:01 131779     /lib/i386-linux-gnu/libc-2.15.so
b76a2000-b76a5000 rw-p 00000000 00:00 0 
b76a5000-b76a8000 r-xp 00000000 08:01 131794     /lib/i386-linux-gnu/libdl-2.15.so
b76a8000-b76a9000 r--p 00002000 08:01 131794     /lib/i386-linux-gnu/libdl-2.15.so
b76a9000-b76aa000 rw-p 00003000 08:01 131794     /lib/i386-linux-gnu/libdl-2.15.so
b76aa000-b76ab000 rw-p 00000000 00:00 0 
b76ab000-b76be000 r-xp 00000000 08:01 72148      /usr/lib/jvm/java-7-oracle/jre/lib/i386/jli/libjli.so
b76be000-b76bf000 rw-p 00012000 08:01 72148      /usr/lib/jvm/java-7-oracle/jre/lib/i386/jli/libjli.so
b76bf000-b76d6000 r-xp 00000000 08:01 131875     /lib/i386-linux-gnu/libpthread-2.15.so
b76d6000-b76d7000 r--p 00016000 08:01 131875     /lib/i386-linux-gnu/libpthread-2.15.so
b76d7000-b76d8000 rw-p 00017000 08:01 131875     /lib/i386-linux-gnu/libpthread-2.15.so
b76d8000-b76da000 rw-p 00000000 00:00 0 
b76e0000-b76eb000 r-xp 00000000 08:01 72125      /usr/lib/jvm/java-7-oracle/jre/lib/i386/libverify.so
b76eb000-b76ec000 rw-p 0000b000 08:01 72125      /usr/lib/jvm/java-7-oracle/jre/lib/i386/libverify.so
b76ec000-b76ee000 rw-p 00000000 00:00 0 
b76ee000-b76ef000 r-xp 00000000 00:00 0          [vdso]
b76ef000-b770f000 r-xp 00000000 08:01 131757     /lib/i386-linux-gnu/ld-2.15.so
b770f000-b7710000 r--p 0001f000 08:01 131757     /lib/i386-linux-gnu/ld-2.15.so
b7710000-b7711000 rw-p 00020000 08:01 131757     /lib/i386-linux-gnu/ld-2.15.so
bfa29000-bfa4a000 rw-p 00000000 00:00 0          [stack]

VM Arguments:
jvm_args: -Xms512M -Xmx1536M -Xss1M -XX:ReservedCodeCacheSize=192m -XX:+CMSClassUnloadingEnabled -XX:MaxPermSize=512M -Dfile.encoding=UTF-8 -Dplay.version=2.2.0 -Dplay.home=/home/nusrat/play-2.2.0/framework -Dsbt.boot.properties=/home/nusrat/play-2.2.0/framework/sbt/sbt.boot.properties 
java_command: /home/nusrat/play-2.2.0/framework/sbt/sbt-launch.jar -help
Launcher Type: SUN_STANDARD

Environment Variables:
PATH=/home/nusrat/.rvm/bin:/home/nusrat/play-2.2.0:/usr/lib/lightdm/lightdm:/usr/local/sbin:/usr/local/bin:/usr/sbin:/usr/bin:/sbin:/bin:/usr/games:/usr/local/games
SHELL=/bin/bash
DISPLAY=:0

Signal Handlers:
SIGSEGV: [libjvm.so+0x503d90], sa_mask[0]=0x7ffbfeff, sa_flags=0x10000004
SIGBUS: [libjvm.so+0x503d90], sa_mask[0]=0x7ffbfeff, sa_flags=0x10000004
SIGFPE: [libjvm.so+0x3fbe80], sa_mask[0]=0x7ffbfeff, sa_flags=0x10000004
SIGPIPE: [libjvm.so+0x3fbe80], sa_mask[0]=0x7ffbfeff, sa_flags=0x10000004
SIGXFSZ: [libjvm.so+0x3fbe80], sa_mask[0]=0x7ffbfeff, sa_flags=0x10000004
SIGILL: [libjvm.so+0x3fbe80], sa_mask[0]=0x7ffbfeff, sa_flags=0x10000004
SIGUSR1: SIG_DFL, sa_mask[0]=0x00000000, sa_flags=0x00000000
SIGUSR2: [libjvm.so+0x3fd370], sa_mask[0]=0x00000000, sa_flags=0x10000004
SIGHUP: SIG_DFL, sa_mask[0]=0x00000000, sa_flags=0x00000000
SIGINT: SIG_DFL, sa_mask[0]=0x00000000, sa_flags=0x00000000
SIGTERM: SIG_DFL, sa_mask[0]=0x00000000, sa_flags=0x00000000
SIGQUIT: SIG_DFL, sa_mask[0]=0x00000000, sa_flags=0x00000000


---------------  S Y S T E M  ---------------

OS:wheezy/sid

uname:Linux 3.5.0-26-generic #42-Ubuntu SMP Fri Mar 8 23:20:06 UTC 2013 i686
libc:glibc 2.15 NPTL 2.15 
rlimit: STACK 8192k, CORE 0k, NPROC 3845, NOFILE 4096, AS infinity
load average:1.22 0.90 0.47

/proc/meminfo:
MemTotal:         508364 kB
MemFree:            5656 kB
Buffers:            2592 kB
Cached:            47116 kB
SwapCached:        15976 kB
Active:           215780 kB
Inactive:         211808 kB
Active(anon):     191832 kB
Inactive(anon):   191880 kB
Active(file):      23948 kB
Inactive(file):    19928 kB
Unevictable:       31196 kB
Mlocked:           31196 kB
HighTotal:             0 kB
HighFree:              0 kB
LowTotal:         508364 kB
LowFree:            5656 kB
SwapTotal:        522236 kB
SwapFree:          63672 kB
Dirty:                92 kB
Writeback:             0 kB
AnonPages:        393264 kB
Mapped:            30532 kB
Shmem:                24 kB
Slab:              21020 kB
SReclaimable:       9060 kB
SUnreclaim:        11960 kB
KernelStack:        3872 kB
PageTables:         9364 kB
NFS_Unstable:          0 kB
Bounce:                0 kB
WritebackTmp:          0 kB
CommitLimit:      776416 kB
Committed_AS:    4027600 kB
VmallocTotal:     512056 kB
VmallocUsed:        4092 kB
VmallocChunk:     507800 kB
HardwareCorrupted:     0 kB
AnonHugePages:         0 kB
HugePages_Total:       0
HugePages_Free:        0
HugePages_Rsvd:        0
HugePages_Surp:        0
Hugepagesize:       2048 kB
DirectMap4k:       34752 kB
DirectMap2M:      489472 kB


CPU:total 1 (1 cores per cpu, 1 threads per core) family 6 model 37 stepping 5, cmov, cx8, fxsr, mmx, sse, sse2, sse3, ssse3, tsc

/proc/cpuinfo:
processor	: 0
vendor_id	: GenuineIntel
cpu family	: 6
model		: 37
model name	: Intel(R) Core(TM) i5 CPU       M 520  @ 2.40GHz
stepping	: 5
cpu MHz		: 2424.821
cache size	: 6144 KB
fdiv_bug	: no
hlt_bug		: no
f00f_bug	: no
coma_bug	: no
fpu		: yes
fpu_exception	: yes
cpuid level	: 5
wp		: yes
flags		: fpu vme de pse tsc msr pae mce cx8 apic sep mtrr pge mca cmov pat pse36 clflush mmx fxsr sse sse2 nx rdtscp constant_tsc up pni monitor ssse3
bogomips	: 4849.64
clflush size	: 64
cache_alignment	: 64
address sizes	: 36 bits physical, 48 bits virtual
power management:



Memory: 4k page, physical 508364k(5656k free), swap 522236k(63672k free)

vm_info: Java HotSpot(TM) Client VM (24.0-b56) for linux-x86 JRE (1.7.0_40-b43), built on Aug 26 2013 22:05:59 by "java_re" with gcc 4.3.0 20080428 (Red Hat 4.3.0-8)

time: Mon Oct  7 21:57:19 2013
elapsed time: 0 seconds

